This is pdfTeX, Version 3.14159265-2.6-1.40.18 (TeX Live 2017) (preloaded format=pdflatex 2017.5.23)  28 NOV 2019 14:32
entering extended mode
 restricted \write18 enabled.
 file:line:error style messages enabled.
 %&-line parsing enabled.
**conditional-DCGAN.tex
(./conditional-DCGAN.tex
LaTeX2e <2017-04-15>
Babel <3.10> and hyphenation patterns for 84 language(s) loaded.
(/usr/local/texlive/2017/texmf-dist/tex/latex/base/article.cls
Document Class: article 2014/09/29 v1.4h Standard LaTeX document class
(/usr/local/texlive/2017/texmf-dist/tex/latex/base/size11.clo
File: size11.clo 2014/09/29 v1.4h Standard LaTeX file (size option)
)
\c@part=\count79
\c@section=\count80
\c@subsection=\count81
\c@subsubsection=\count82
\c@paragraph=\count83
\c@subparagraph=\count84
\c@figure=\count85
\c@table=\count86
\abovecaptionskip=\skip41
\belowcaptionskip=\skip42
\bibindent=\dimen102
)
(/usr/local/texlive/2017/texmf-dist/tex/latex/base/fontenc.sty
Package: fontenc 2017/04/05 v2.0i Standard LaTeX package

(/usr/local/texlive/2017/texmf-dist/tex/latex/base/t1enc.def
File: t1enc.def 2017/04/05 v2.0i Standard LaTeX file
LaTeX Font Info:    Redeclaring font encoding T1 on input line 48.
))
(/usr/local/texlive/2017/texmf-dist/tex/latex/psnfss/mathpazo.sty
Package: mathpazo 2005/04/12 PSNFSS-v9.2a Palatino w/ Pazo Math (D.Puga, WaS) 
\symupright=\mathgroup4
)
(/usr/local/texlive/2017/texmf-dist/tex/latex/graphics/graphicx.sty
Package: graphicx 2014/10/28 v1.0g Enhanced LaTeX Graphics (DPC,SPQR)

(/usr/local/texlive/2017/texmf-dist/tex/latex/graphics/keyval.sty
Package: keyval 2014/10/28 v1.15 key=value parser (DPC)
\KV@toks@=\toks14
)
(/usr/local/texlive/2017/texmf-dist/tex/latex/graphics/graphics.sty
Package: graphics 2017/04/14 v1.1b Standard LaTeX Graphics (DPC,SPQR)

(/usr/local/texlive/2017/texmf-dist/tex/latex/graphics/trig.sty
Package: trig 2016/01/03 v1.10 sin cos tan (DPC)
)
(/usr/local/texlive/2017/texmf-dist/tex/latex/graphics-cfg/graphics.cfg
File: graphics.cfg 2016/06/04 v1.11 sample graphics configuration
)
Package graphics Info: Driver file: pdftex.def on input line 99.

(/usr/local/texlive/2017/texmf-dist/tex/latex/graphics-def/pdftex.def
File: pdftex.def 2017/01/12 v0.06k Graphics/color for pdfTeX

(/usr/local/texlive/2017/texmf-dist/tex/generic/oberdiek/infwarerr.sty
Package: infwarerr 2016/05/16 v1.4 Providing info/warning/error messages (HO)
)
(/usr/local/texlive/2017/texmf-dist/tex/generic/oberdiek/ltxcmds.sty
Package: ltxcmds 2016/05/16 v1.23 LaTeX kernel commands for general use (HO)
)
\Gread@gobject=\count87
))
\Gin@req@height=\dimen103
\Gin@req@width=\dimen104
)
(/usr/local/texlive/2017/texmf-dist/tex/latex/caption/caption.sty
Package: caption 2016/02/21 v3.3-144 Customizing captions (AR)

(/usr/local/texlive/2017/texmf-dist/tex/latex/caption/caption3.sty
Package: caption3 2016/05/22 v1.7-166 caption3 kernel (AR)
Package caption3 Info: TeX engine: e-TeX on input line 67.
\captionmargin=\dimen105
\captionmargin@=\dimen106
\captionwidth=\dimen107
\caption@tempdima=\dimen108
\caption@indent=\dimen109
\caption@parindent=\dimen110
\caption@hangindent=\dimen111
)
\c@ContinuedFloat=\count88
)
(/usr/local/texlive/2017/texmf-dist/tex/latex/adjustbox/adjustbox.sty
Package: adjustbox 2012/05/21 v1.0 Adjusting TeX boxes (trim, clip, ...)

(/usr/local/texlive/2017/texmf-dist/tex/latex/xkeyval/xkeyval.sty
Package: xkeyval 2014/12/03 v2.7a package option processing (HA)

(/usr/local/texlive/2017/texmf-dist/tex/generic/xkeyval/xkeyval.tex
(/usr/local/texlive/2017/texmf-dist/tex/generic/xkeyval/xkvutils.tex
\XKV@toks=\toks15
\XKV@tempa@toks=\toks16
)
\XKV@depth=\count89
File: xkeyval.tex 2014/12/03 v2.7a key=value parser (HA)
))
(/usr/local/texlive/2017/texmf-dist/tex/latex/adjustbox/adjcalc.sty
Package: adjcalc 2012/05/16 v1.1 Provides advanced setlength with multiple back
-ends (calc, etex, pgfmath)
)
(/usr/local/texlive/2017/texmf-dist/tex/latex/adjustbox/trimclip.sty
Package: trimclip 2012/05/16 v1.0 Trim and clip general TeX material

(/usr/local/texlive/2017/texmf-dist/tex/latex/collectbox/collectbox.sty
Package: collectbox 2012/05/17 v0.4b Collect macro arguments as boxes
\collectedbox=\box26
)
\tc@llx=\dimen112
\tc@lly=\dimen113
\tc@urx=\dimen114
\tc@ury=\dimen115
Package trimclip Info: Using driver 'tc-pdftex.def'.

(/usr/local/texlive/2017/texmf-dist/tex/latex/adjustbox/tc-pdftex.def
File: tc-pdftex.def 2012/05/13 v1.0 Clipping driver for pdftex
))
\adjbox@Width=\dimen116
\adjbox@Height=\dimen117
\adjbox@Depth=\dimen118
\adjbox@Totalheight=\dimen119

(/usr/local/texlive/2017/texmf-dist/tex/latex/ifoddpage/ifoddpage.sty
Package: ifoddpage 2016/04/23 v1.1 Conditionals for odd/even page detection
\c@checkoddpage=\count90
)
(/usr/local/texlive/2017/texmf-dist/tex/latex/varwidth/varwidth.sty
Package: varwidth 2009/03/30 ver 0.92;  Variable-width minipages
\@vwid@box=\box27
\sift@deathcycles=\count91
\@vwid@loff=\dimen120
\@vwid@roff=\dimen121
))
(/usr/local/texlive/2017/texmf-dist/tex/latex/xcolor/xcolor.sty
Package: xcolor 2016/05/11 v2.12 LaTeX color extensions (UK)

(/usr/local/texlive/2017/texmf-dist/tex/latex/graphics-cfg/color.cfg
File: color.cfg 2016/01/02 v1.6 sample color configuration
)
Package xcolor Info: Driver file: pdftex.def on input line 225.
Package xcolor Info: Model `cmy' substituted by `cmy0' on input line 1348.
Package xcolor Info: Model `hsb' substituted by `rgb' on input line 1352.
Package xcolor Info: Model `RGB' extended on input line 1364.
Package xcolor Info: Model `HTML' substituted by `rgb' on input line 1366.
Package xcolor Info: Model `Hsb' substituted by `hsb' on input line 1367.
Package xcolor Info: Model `tHsb' substituted by `hsb' on input line 1368.
Package xcolor Info: Model `HSB' substituted by `hsb' on input line 1369.
Package xcolor Info: Model `Gray' substituted by `gray' on input line 1370.
Package xcolor Info: Model `wave' substituted by `hsb' on input line 1371.
)
(/usr/local/texlive/2017/texmf-dist/tex/latex/tools/enumerate.sty
Package: enumerate 2015/07/23 v3.00 enumerate extensions (DPC)
\@enLab=\toks17
)
(/usr/local/texlive/2017/texmf-dist/tex/latex/geometry/geometry.sty
Package: geometry 2010/09/12 v5.6 Page Geometry

(/usr/local/texlive/2017/texmf-dist/tex/generic/oberdiek/ifpdf.sty
Package: ifpdf 2017/03/15 v3.2 Provides the ifpdf switch
)
(/usr/local/texlive/2017/texmf-dist/tex/generic/oberdiek/ifvtex.sty
Package: ifvtex 2016/05/16 v1.6 Detect VTeX and its facilities (HO)
Package ifvtex Info: VTeX not detected.
)
(/usr/local/texlive/2017/texmf-dist/tex/generic/ifxetex/ifxetex.sty
Package: ifxetex 2010/09/12 v0.6 Provides ifxetex conditional
)
\Gm@cnth=\count92
\Gm@cntv=\count93
\c@Gm@tempcnt=\count94
\Gm@bindingoffset=\dimen122
\Gm@wd@mp=\dimen123
\Gm@odd@mp=\dimen124
\Gm@even@mp=\dimen125
\Gm@layoutwidth=\dimen126
\Gm@layoutheight=\dimen127
\Gm@layouthoffset=\dimen128
\Gm@layoutvoffset=\dimen129
\Gm@dimlist=\toks18
)
(/usr/local/texlive/2017/texmf-dist/tex/latex/amsmath/amsmath.sty
Package: amsmath 2016/11/05 v2.16a AMS math features
\@mathmargin=\skip43

For additional information on amsmath, use the `?' option.
(/usr/local/texlive/2017/texmf-dist/tex/latex/amsmath/amstext.sty
Package: amstext 2000/06/29 v2.01 AMS text

(/usr/local/texlive/2017/texmf-dist/tex/latex/amsmath/amsgen.sty
File: amsgen.sty 1999/11/30 v2.0 generic functions
\@emptytoks=\toks19
\ex@=\dimen130
))
(/usr/local/texlive/2017/texmf-dist/tex/latex/amsmath/amsbsy.sty
Package: amsbsy 1999/11/29 v1.2d Bold Symbols
\pmbraise@=\dimen131
)
(/usr/local/texlive/2017/texmf-dist/tex/latex/amsmath/amsopn.sty
Package: amsopn 2016/03/08 v2.02 operator names
)
\inf@bad=\count95
LaTeX Info: Redefining \frac on input line 213.
\uproot@=\count96
\leftroot@=\count97
LaTeX Info: Redefining \overline on input line 375.
\classnum@=\count98
\DOTSCASE@=\count99
LaTeX Info: Redefining \ldots on input line 472.
LaTeX Info: Redefining \dots on input line 475.
LaTeX Info: Redefining \cdots on input line 596.
\Mathstrutbox@=\box28
\strutbox@=\box29
\big@size=\dimen132
LaTeX Font Info:    Redeclaring font encoding OML on input line 712.
LaTeX Font Info:    Redeclaring font encoding OMS on input line 713.
\macc@depth=\count100
\c@MaxMatrixCols=\count101
\dotsspace@=\muskip10
\c@parentequation=\count102
\dspbrk@lvl=\count103
\tag@help=\toks20
\row@=\count104
\column@=\count105
\maxfields@=\count106
\andhelp@=\toks21
\eqnshift@=\dimen133
\alignsep@=\dimen134
\tagshift@=\dimen135
\tagwidth@=\dimen136
\totwidth@=\dimen137
\lineht@=\dimen138
\@envbody=\toks22
\multlinegap=\skip44
\multlinetaggap=\skip45
\mathdisplay@stack=\toks23
LaTeX Info: Redefining \[ on input line 2817.
LaTeX Info: Redefining \] on input line 2818.
)
(/usr/local/texlive/2017/texmf-dist/tex/latex/amsfonts/amssymb.sty
Package: amssymb 2013/01/14 v3.01 AMS font symbols

(/usr/local/texlive/2017/texmf-dist/tex/latex/amsfonts/amsfonts.sty
Package: amsfonts 2013/01/14 v3.01 Basic AMSFonts support
\symAMSa=\mathgroup5
\symAMSb=\mathgroup6
LaTeX Font Info:    Overwriting math alphabet `\mathfrak' in version `bold'
(Font)                  U/euf/m/n --> U/euf/b/n on input line 106.
))
(/usr/local/texlive/2017/texmf-dist/tex/latex/base/textcomp.sty
Package: textcomp 2017/04/05 v2.0i Standard LaTeX package
Package textcomp Info: Sub-encoding information:
(textcomp)               5 = only ISO-Adobe without \textcurrency
(textcomp)               4 = 5 + \texteuro
(textcomp)               3 = 4 + \textohm
(textcomp)               2 = 3 + \textestimated + \textcurrency
(textcomp)               1 = TS1 - \textcircled - \t
(textcomp)               0 = TS1 (full)
(textcomp)             Font families with sub-encoding setting implement
(textcomp)             only a restricted character set as indicated.
(textcomp)             Family '?' is the default used for unknown fonts.
(textcomp)             See the documentation for details.
Package textcomp Info: Setting ? sub-encoding to TS1/1 on input line 79.

(/usr/local/texlive/2017/texmf-dist/tex/latex/base/ts1enc.def
File: ts1enc.def 2001/06/05 v3.0e (jk/car/fm) Standard LaTeX file
)
LaTeX Info: Redefining \oldstylenums on input line 334.
Package textcomp Info: Setting cmr sub-encoding to TS1/0 on input line 349.
Package textcomp Info: Setting cmss sub-encoding to TS1/0 on input line 350.
Package textcomp Info: Setting cmtt sub-encoding to TS1/0 on input line 351.
Package textcomp Info: Setting cmvtt sub-encoding to TS1/0 on input line 352.
Package textcomp Info: Setting cmbr sub-encoding to TS1/0 on input line 353.
Package textcomp Info: Setting cmtl sub-encoding to TS1/0 on input line 354.
Package textcomp Info: Setting ccr sub-encoding to TS1/0 on input line 355.
Package textcomp Info: Setting ptm sub-encoding to TS1/4 on input line 356.
Package textcomp Info: Setting pcr sub-encoding to TS1/4 on input line 357.
Package textcomp Info: Setting phv sub-encoding to TS1/4 on input line 358.
Package textcomp Info: Setting ppl sub-encoding to TS1/3 on input line 359.
Package textcomp Info: Setting pag sub-encoding to TS1/4 on input line 360.
Package textcomp Info: Setting pbk sub-encoding to TS1/4 on input line 361.
Package textcomp Info: Setting pnc sub-encoding to TS1/4 on input line 362.
Package textcomp Info: Setting pzc sub-encoding to TS1/4 on input line 363.
Package textcomp Info: Setting bch sub-encoding to TS1/4 on input line 364.
Package textcomp Info: Setting put sub-encoding to TS1/5 on input line 365.
Package textcomp Info: Setting uag sub-encoding to TS1/5 on input line 366.
Package textcomp Info: Setting ugq sub-encoding to TS1/5 on input line 367.
Package textcomp Info: Setting ul8 sub-encoding to TS1/4 on input line 368.
Package textcomp Info: Setting ul9 sub-encoding to TS1/4 on input line 369.
Package textcomp Info: Setting augie sub-encoding to TS1/5 on input line 370.
Package textcomp Info: Setting dayrom sub-encoding to TS1/3 on input line 371.
Package textcomp Info: Setting dayroms sub-encoding to TS1/3 on input line 372.

Package textcomp Info: Setting pxr sub-encoding to TS1/0 on input line 373.
Package textcomp Info: Setting pxss sub-encoding to TS1/0 on input line 374.
Package textcomp Info: Setting pxtt sub-encoding to TS1/0 on input line 375.
Package textcomp Info: Setting txr sub-encoding to TS1/0 on input line 376.
Package textcomp Info: Setting txss sub-encoding to TS1/0 on input line 377.
Package textcomp Info: Setting txtt sub-encoding to TS1/0 on input line 378.
Package textcomp Info: Setting lmr sub-encoding to TS1/0 on input line 379.
Package textcomp Info: Setting lmdh sub-encoding to TS1/0 on input line 380.
Package textcomp Info: Setting lmss sub-encoding to TS1/0 on input line 381.
Package textcomp Info: Setting lmssq sub-encoding to TS1/0 on input line 382.
Package textcomp Info: Setting lmvtt sub-encoding to TS1/0 on input line 383.
Package textcomp Info: Setting lmtt sub-encoding to TS1/0 on input line 384.
Package textcomp Info: Setting qhv sub-encoding to TS1/0 on input line 385.
Package textcomp Info: Setting qag sub-encoding to TS1/0 on input line 386.
Package textcomp Info: Setting qbk sub-encoding to TS1/0 on input line 387.
Package textcomp Info: Setting qcr sub-encoding to TS1/0 on input line 388.
Package textcomp Info: Setting qcs sub-encoding to TS1/0 on input line 389.
Package textcomp Info: Setting qpl sub-encoding to TS1/0 on input line 390.
Package textcomp Info: Setting qtm sub-encoding to TS1/0 on input line 391.
Package textcomp Info: Setting qzc sub-encoding to TS1/0 on input line 392.
Package textcomp Info: Setting qhvc sub-encoding to TS1/0 on input line 393.
Package textcomp Info: Setting futs sub-encoding to TS1/4 on input line 394.
Package textcomp Info: Setting futx sub-encoding to TS1/4 on input line 395.
Package textcomp Info: Setting futj sub-encoding to TS1/4 on input line 396.
Package textcomp Info: Setting hlh sub-encoding to TS1/3 on input line 397.
Package textcomp Info: Setting hls sub-encoding to TS1/3 on input line 398.
Package textcomp Info: Setting hlst sub-encoding to TS1/3 on input line 399.
Package textcomp Info: Setting hlct sub-encoding to TS1/5 on input line 400.
Package textcomp Info: Setting hlx sub-encoding to TS1/5 on input line 401.
Package textcomp Info: Setting hlce sub-encoding to TS1/5 on input line 402.
Package textcomp Info: Setting hlcn sub-encoding to TS1/5 on input line 403.
Package textcomp Info: Setting hlcw sub-encoding to TS1/5 on input line 404.
Package textcomp Info: Setting hlcf sub-encoding to TS1/5 on input line 405.
Package textcomp Info: Setting pplx sub-encoding to TS1/3 on input line 406.
Package textcomp Info: Setting pplj sub-encoding to TS1/3 on input line 407.
Package textcomp Info: Setting ptmx sub-encoding to TS1/4 on input line 408.
Package textcomp Info: Setting ptmj sub-encoding to TS1/4 on input line 409.
)
(/usr/local/texlive/2017/texmf-dist/tex/latex/upquote/upquote.sty
Package: upquote 2012/04/19 v1.3 upright-quote and grave-accent glyphs in verba
tim
)
(/usr/local/texlive/2017/texmf-dist/tex/latex/eurosym/eurosym.sty
Package: eurosym 1998/08/06 v1.1 European currency symbol ``Euro''
\@eurobox=\box30
)
(/usr/local/texlive/2017/texmf-dist/tex/latex/ucs/ucs.sty
Package: ucs 2013/05/11 v2.2 UCS: Unicode input support

(/usr/local/texlive/2017/texmf-dist/tex/latex/ucs/data/uni-global.def
File: uni-global.def 2013/05/13 UCS: Unicode global data
)
\uc@secondtry=\count107
\uc@combtoks=\toks24
\uc@combtoksb=\toks25
\uc@temptokena=\toks26
)
(/usr/local/texlive/2017/texmf-dist/tex/latex/base/inputenc.sty
Package: inputenc 2015/03/17 v1.2c Input encoding file
\inpenc@prehook=\toks27
\inpenc@posthook=\toks28

(/usr/local/texlive/2017/texmf-dist/tex/latex/ucs/utf8x.def
File: utf8x.def 2004/10/17 UCS: Input encoding UTF-8
))
(/usr/local/texlive/2017/texmf-dist/tex/latex/fancyvrb/fancyvrb.sty
Package: fancyvrb 2008/02/07

Style option: `fancyvrb' v2.7a, with DG/SPQR fixes, and firstline=lastline fix 
<2008/02/07> (tvz)
\FV@CodeLineNo=\count108
\FV@InFile=\read1
\FV@TabBox=\box31
\c@FancyVerbLine=\count109
\FV@StepNumber=\count110
\FV@OutFile=\write3
)
(/usr/local/texlive/2017/texmf-dist/tex/latex/oberdiek/grffile.sty
Package: grffile 2016/05/16 v1.17 Extended file name support for graphics (HO)

(/usr/local/texlive/2017/texmf-dist/tex/latex/oberdiek/kvoptions.sty
Package: kvoptions 2016/05/16 v3.12 Key value format for package options (HO)

(/usr/local/texlive/2017/texmf-dist/tex/generic/oberdiek/kvsetkeys.sty
Package: kvsetkeys 2016/05/16 v1.17 Key value parser (HO)

(/usr/local/texlive/2017/texmf-dist/tex/generic/oberdiek/etexcmds.sty
Package: etexcmds 2016/05/16 v1.6 Avoid name clashes with e-TeX commands (HO)

(/usr/local/texlive/2017/texmf-dist/tex/generic/oberdiek/ifluatex.sty
Package: ifluatex 2016/05/16 v1.4 Provides the ifluatex switch (HO)
Package ifluatex Info: LuaTeX not detected.
)
Package etexcmds Info: Could not find \expanded.
(etexcmds)             That can mean that you are not using pdfTeX 1.50 or
(etexcmds)             that some package has redefined \expanded.
(etexcmds)             In the latter case, load this package earlier.
)))
(/usr/local/texlive/2017/texmf-dist/tex/generic/oberdiek/pdftexcmds.sty
Package: pdftexcmds 2017/03/19 v0.25 Utility functions of pdfTeX for LuaTeX (HO
)
Package pdftexcmds Info: LuaTeX not detected.
Package pdftexcmds Info: \pdf@primitive is available.
Package pdftexcmds Info: \pdf@ifprimitive is available.
Package pdftexcmds Info: \pdfdraftmode found.
)
Package grffile Info: Option `multidot' is set to `true'.
Package grffile Info: Option `extendedchars' is set to `false'.
Package grffile Info: Option `space' is set to `true'.
Package grffile Info: \Gin@ii of package `graphicx' fixed on input line 486.
)
(/usr/local/texlive/2017/texmf-dist/tex/latex/hyperref/hyperref.sty
Package: hyperref 2017/03/14 v6.85a Hypertext links for LaTeX

(/usr/local/texlive/2017/texmf-dist/tex/generic/oberdiek/hobsub-hyperref.sty
Package: hobsub-hyperref 2016/05/16 v1.14 Bundle oberdiek, subset hyperref (HO)


(/usr/local/texlive/2017/texmf-dist/tex/generic/oberdiek/hobsub-generic.sty
Package: hobsub-generic 2016/05/16 v1.14 Bundle oberdiek, subset generic (HO)
Package: hobsub 2016/05/16 v1.14 Construct package bundles (HO)
Package hobsub Info: Skipping package `infwarerr' (already loaded).
Package hobsub Info: Skipping package `ltxcmds' (already loaded).
Package hobsub Info: Skipping package `ifluatex' (already loaded).
Package hobsub Info: Skipping package `ifvtex' (already loaded).
Package: intcalc 2016/05/16 v1.2 Expandable calculations with integers (HO)
Package hobsub Info: Skipping package `ifpdf' (already loaded).
Package hobsub Info: Skipping package `etexcmds' (already loaded).
Package hobsub Info: Skipping package `kvsetkeys' (already loaded).
Package: kvdefinekeys 2016/05/16 v1.4 Define keys (HO)
Package hobsub Info: Skipping package `pdftexcmds' (already loaded).
Package: pdfescape 2016/05/16 v1.14 Implements pdfTeX's escape features (HO)
Package: bigintcalc 2016/05/16 v1.4 Expandable calculations on big integers (HO
)
Package: bitset 2016/05/16 v1.2 Handle bit-vector datatype (HO)
Package: uniquecounter 2016/05/16 v1.3 Provide unlimited unique counter (HO)
)
Package hobsub Info: Skipping package `hobsub' (already loaded).
Package: letltxmacro 2016/05/16 v1.5 Let assignment for LaTeX macros (HO)
Package: hopatch 2016/05/16 v1.3 Wrapper for package hooks (HO)
Package: xcolor-patch 2016/05/16 xcolor patch
Package: atveryend 2016/05/16 v1.9 Hooks at the very end of document (HO)
Package atveryend Info: \enddocument detected (standard20110627).
Package: atbegshi 2016/06/09 v1.18 At begin shipout hook (HO)
Package: refcount 2016/05/16 v3.5 Data extraction from label references (HO)
Package: hycolor 2016/05/16 v1.8 Color options for hyperref/bookmark (HO)
)
(/usr/local/texlive/2017/texmf-dist/tex/latex/oberdiek/auxhook.sty
Package: auxhook 2016/05/16 v1.4 Hooks for auxiliary files (HO)
)
\@linkdim=\dimen139
\Hy@linkcounter=\count111
\Hy@pagecounter=\count112

(/usr/local/texlive/2017/texmf-dist/tex/latex/hyperref/pd1enc.def
File: pd1enc.def 2017/03/14 v6.85a Hyperref: PDFDocEncoding definition (HO)
)
\Hy@SavedSpaceFactor=\count113

(/usr/local/texlive/2017/texmf-dist/tex/latex/latexconfig/hyperref.cfg
File: hyperref.cfg 2002/06/06 v1.2 hyperref configuration of TeXLive
)
Package hyperref Info: Hyper figures OFF on input line 4498.
Package hyperref Info: Link nesting OFF on input line 4503.
Package hyperref Info: Hyper index ON on input line 4506.
Package hyperref Info: Plain pages OFF on input line 4513.
Package hyperref Info: Backreferencing OFF on input line 4518.
Package hyperref Info: Implicit mode ON; LaTeX internals redefined.
Package hyperref Info: Bookmarks ON on input line 4751.
\c@Hy@tempcnt=\count114

(/usr/local/texlive/2017/texmf-dist/tex/latex/url/url.sty
\Urlmuskip=\muskip11
Package: url 2013/09/16  ver 3.4  Verb mode for urls, etc.
)
LaTeX Info: Redefining \url on input line 5104.
\XeTeXLinkMargin=\dimen140
\Fld@menulength=\count115
\Field@Width=\dimen141
\Fld@charsize=\dimen142
Package hyperref Info: Hyper figures OFF on input line 6358.
Package hyperref Info: Link nesting OFF on input line 6363.
Package hyperref Info: Hyper index ON on input line 6366.
Package hyperref Info: backreferencing OFF on input line 6373.
Package hyperref Info: Link coloring OFF on input line 6378.
Package hyperref Info: Link coloring with OCG OFF on input line 6383.
Package hyperref Info: PDF/A mode OFF on input line 6388.
LaTeX Info: Redefining \ref on input line 6428.
LaTeX Info: Redefining \pageref on input line 6432.
\Hy@abspage=\count116
\c@Item=\count117
\c@Hfootnote=\count118
)

Package hyperref Message: Driver (autodetected): hpdftex.

(/usr/local/texlive/2017/texmf-dist/tex/latex/hyperref/hpdftex.def
File: hpdftex.def 2017/03/14 v6.85a Hyperref driver for pdfTeX
\Fld@listcount=\count119
\c@bookmark@seq@number=\count120

(/usr/local/texlive/2017/texmf-dist/tex/latex/oberdiek/rerunfilecheck.sty
Package: rerunfilecheck 2016/05/16 v1.8 Rerun checks for auxiliary files (HO)
Package uniquecounter Info: New unique counter `rerunfilecheck' on input line 2
82.
)
\Hy@SectionHShift=\skip46
)
(/usr/local/texlive/2017/texmf-dist/tex/latex/tools/longtable.sty
Package: longtable 2014/10/28 v4.11 Multi-page Table package (DPC)
\LTleft=\skip47
\LTright=\skip48
\LTpre=\skip49
\LTpost=\skip50
\LTchunksize=\count121
\LTcapwidth=\dimen143
\LT@head=\box32
\LT@firsthead=\box33
\LT@foot=\box34
\LT@lastfoot=\box35
\LT@cols=\count122
\LT@rows=\count123
\c@LT@tables=\count124
\c@LT@chunks=\count125
\LT@p@ftn=\toks29
)
(/usr/local/texlive/2017/texmf-dist/tex/latex/booktabs/booktabs.sty
Package: booktabs 2016/04/27 v1.618033 publication quality tables
\heavyrulewidth=\dimen144
\lightrulewidth=\dimen145
\cmidrulewidth=\dimen146
\belowrulesep=\dimen147
\belowbottomsep=\dimen148
\aboverulesep=\dimen149
\abovetopsep=\dimen150
\cmidrulesep=\dimen151
\cmidrulekern=\dimen152
\defaultaddspace=\dimen153
\@cmidla=\count126
\@cmidlb=\count127
\@aboverulesep=\dimen154
\@belowrulesep=\dimen155
\@thisruleclass=\count128
\@lastruleclass=\count129
\@thisrulewidth=\dimen156
)
(/usr/local/texlive/2017/texmf-dist/tex/latex/enumitem/enumitem.sty
Package: enumitem 2011/09/28 v3.5.2 Customized lists
\labelindent=\skip51
\enit@outerparindent=\dimen157
\enit@toks=\toks30
\enit@inbox=\box36
\enitdp@description=\count130
)
(/usr/local/texlive/2017/texmf-dist/tex/generic/ulem/ulem.sty
\UL@box=\box37
\UL@hyphenbox=\box38
\UL@skip=\skip52
\UL@hook=\toks31
\UL@height=\dimen158
\UL@pe=\count131
\UL@pixel=\dimen159
\ULC@box=\box39
Package: ulem 2012/05/18
\ULdepth=\dimen160
)
Package hyperref Info: Option `breaklinks' set `true' on input line 269.
Package hyperref Info: Option `colorlinks' set `true' on input line 269.

(./conditional-DCGAN.aux)
\openout1 = `conditional-DCGAN.aux'.

LaTeX Font Info:    Checking defaults for OML/cmm/m/it on input line 276.
LaTeX Font Info:    ... okay on input line 276.
LaTeX Font Info:    Checking defaults for T1/cmr/m/n on input line 276.
LaTeX Font Info:    ... okay on input line 276.
LaTeX Font Info:    Checking defaults for OT1/cmr/m/n on input line 276.
LaTeX Font Info:    ... okay on input line 276.
LaTeX Font Info:    Checking defaults for OMS/cmsy/m/n on input line 276.
LaTeX Font Info:    ... okay on input line 276.
LaTeX Font Info:    Checking defaults for OMX/cmex/m/n on input line 276.
LaTeX Font Info:    ... okay on input line 276.
LaTeX Font Info:    Checking defaults for U/cmr/m/n on input line 276.
LaTeX Font Info:    ... okay on input line 276.
LaTeX Font Info:    Checking defaults for TS1/cmr/m/n on input line 276.
LaTeX Font Info:    Try loading font information for TS1+cmr on input line 276.


(/usr/local/texlive/2017/texmf-dist/tex/latex/base/ts1cmr.fd
File: ts1cmr.fd 2014/09/29 v2.5h Standard LaTeX font definitions
)
LaTeX Font Info:    ... okay on input line 276.
LaTeX Font Info:    Checking defaults for PD1/pdf/m/n on input line 276.
LaTeX Font Info:    ... okay on input line 276.
LaTeX Font Info:    Try loading font information for T1+ppl on input line 276.

(/usr/local/texlive/2017/texmf-dist/tex/latex/psnfss/t1ppl.fd
File: t1ppl.fd 2001/06/04 font definitions for T1/ppl.
)
(/usr/local/texlive/2017/texmf-dist/tex/context/base/mkii/supp-pdf.mkii
[Loading MPS to PDF converter (version 2006.09.02).]
\scratchcounter=\count132
\scratchdimen=\dimen161
\scratchbox=\box40
\nofMPsegments=\count133
\nofMParguments=\count134
\everyMPshowfont=\toks32
\MPscratchCnt=\count135
\MPscratchDim=\dimen162
\MPnumerator=\count136
\makeMPintoPDFobject=\count137
\everyMPtoPDFconversion=\toks33
) (/usr/local/texlive/2017/texmf-dist/tex/latex/oberdiek/epstopdf-base.sty
Package: epstopdf-base 2016/05/15 v2.6 Base part for package epstopdf

(/usr/local/texlive/2017/texmf-dist/tex/latex/oberdiek/grfext.sty
Package: grfext 2016/05/16 v1.2 Manage graphics extensions (HO)
)
Package epstopdf-base Info: Redefining graphics rule for `.eps' on input line 4
38.
Package grfext Info: Graphics extension search list:
(grfext)             [.png,.pdf,.jpg,.mps,.jpeg,.jbig2,.jb2,.PNG,.PDF,.JPG,.JPE
G,.JBIG2,.JB2,.eps]
(grfext)             \AppendGraphicsExtensions on input line 456.

(/usr/local/texlive/2017/texmf-dist/tex/latex/latexconfig/epstopdf-sys.cfg
File: epstopdf-sys.cfg 2010/07/13 v1.3 Configuration of (r)epstopdf for TeX Liv
e
))
Package caption Info: Begin \AtBeginDocument code.
Package caption Info: hyperref package is loaded.
Package caption Info: longtable package is loaded.

(/usr/local/texlive/2017/texmf-dist/tex/latex/caption/ltcaption.sty
Package: ltcaption 2013/06/09 v1.4-94 longtable captions (AR)
)
Package caption Info: End \AtBeginDocument code.

*geometry* driver: auto-detecting
*geometry* detected driver: pdftex
*geometry* verbose mode - [ preamble ] result:
* driver: pdftex
* paper: <default>
* layout: <same size as paper>
* layoutoffset:(h,v)=(0.0pt,0.0pt)
* modes: 
* h-part:(L,W,R)=(72.26999pt, 469.75502pt, 72.26999pt)
* v-part:(T,H,B)=(72.26999pt, 650.43001pt, 72.26999pt)
* \paperwidth=614.295pt
* \paperheight=794.96999pt
* \textwidth=469.75502pt
* \textheight=650.43001pt
* \oddsidemargin=0.0pt
* \evensidemargin=0.0pt
* \topmargin=-37.0pt
* \headheight=12.0pt
* \headsep=25.0pt
* \topskip=11.0pt
* \footskip=30.0pt
* \marginparwidth=59.0pt
* \marginparsep=10.0pt
* \columnsep=10.0pt
* \skip\footins=10.0pt plus 4.0pt minus 2.0pt
* \hoffset=0.0pt
* \voffset=0.0pt
* \mag=1000
* \@twocolumnfalse
* \@twosidefalse
* \@mparswitchfalse
* \@reversemarginfalse
* (1in=72.27pt=25.4mm, 1cm=28.453pt)

(/usr/local/texlive/2017/texmf-dist/tex/latex/ucs/ucsencs.def
File: ucsencs.def 2011/01/21 Fixes to fontencodings LGR, T3
)
\AtBeginShipoutBox=\box41
Package hyperref Info: Link coloring ON on input line 276.

(/usr/local/texlive/2017/texmf-dist/tex/latex/hyperref/nameref.sty
Package: nameref 2016/05/21 v2.44 Cross-referencing by name of section

(/usr/local/texlive/2017/texmf-dist/tex/generic/oberdiek/gettitlestring.sty
Package: gettitlestring 2016/05/16 v1.5 Cleanup title references (HO)
)
\c@section@level=\count138
)
LaTeX Info: Redefining \ref on input line 276.
LaTeX Info: Redefining \pageref on input line 276.
LaTeX Info: Redefining \nameref on input line 276.

(./conditional-DCGAN.out) (./conditional-DCGAN.out)
\@outlinefile=\write4
\openout4 = `conditional-DCGAN.out'.

LaTeX Font Info:    Try loading font information for OT1+ppl on input line 280.


(/usr/local/texlive/2017/texmf-dist/tex/latex/psnfss/ot1ppl.fd
File: ot1ppl.fd 2001/06/04 font definitions for OT1/ppl.
)
LaTeX Font Info:    Try loading font information for OML+zplm on input line 280
.

(/usr/local/texlive/2017/texmf-dist/tex/latex/psnfss/omlzplm.fd
File: omlzplm.fd 2002/09/08 Fontinst v1.914 font definitions for OML/zplm.
)
LaTeX Font Info:    Try loading font information for OMS+zplm on input line 280
.

(/usr/local/texlive/2017/texmf-dist/tex/latex/psnfss/omszplm.fd
File: omszplm.fd 2002/09/08 Fontinst v1.914 font definitions for OMS/zplm.
)
LaTeX Font Info:    Try loading font information for OMX+zplm on input line 280
.

(/usr/local/texlive/2017/texmf-dist/tex/latex/psnfss/omxzplm.fd
File: omxzplm.fd 2002/09/08 Fontinst v1.914 font definitions for OMX/zplm.
)
LaTeX Font Info:    Try loading font information for OT1+zplm on input line 280
.

(/usr/local/texlive/2017/texmf-dist/tex/latex/psnfss/ot1zplm.fd
File: ot1zplm.fd 2002/09/08 Fontinst v1.914 font definitions for OT1/zplm.
)
LaTeX Font Info:    Font shape `U/msa/m/n' will be
(Font)              scaled to size 12.50409pt on input line 280.
LaTeX Font Info:    Font shape `U/msa/m/n' will be
(Font)              scaled to size 9.37807pt on input line 280.
LaTeX Font Info:    Font shape `U/msa/m/n' will be
(Font)              scaled to size 7.29405pt on input line 280.
LaTeX Font Info:    Font shape `U/msb/m/n' will be
(Font)              scaled to size 12.50409pt on input line 280.
LaTeX Font Info:    Font shape `U/msb/m/n' will be
(Font)              scaled to size 9.37807pt on input line 280.
LaTeX Font Info:    Font shape `U/msb/m/n' will be
(Font)              scaled to size 7.29405pt on input line 280.
LaTeX Font Info:    Font shape `T1/ppl/bx/n' in size <14.4> not available
(Font)              Font shape `T1/ppl/b/n' tried instead on input line 282.
LaTeX Font Info:    Font shape `U/msa/m/n' will be
(Font)              scaled to size 11.40997pt on input line 287.
LaTeX Font Info:    Font shape `U/msa/m/n' will be
(Font)              scaled to size 8.33606pt on input line 287.
LaTeX Font Info:    Font shape `U/msa/m/n' will be
(Font)              scaled to size 6.25204pt on input line 287.
LaTeX Font Info:    Font shape `U/msb/m/n' will be
(Font)              scaled to size 11.40997pt on input line 287.
LaTeX Font Info:    Font shape `U/msb/m/n' will be
(Font)              scaled to size 8.33606pt on input line 287.
LaTeX Font Info:    Font shape `U/msb/m/n' will be
(Font)              scaled to size 6.25204pt on input line 287.

Underfull \hbox (badness 10000) in paragraph at lines 296--302

 []

LaTeX Font Info:    Try loading font information for TS1+ppl on input line 308.

(/usr/local/texlive/2017/texmf-dist/tex/latex/psnfss/ts1ppl.fd
File: ts1ppl.fd 2001/06/04 font definitions for TS1/ppl.
) [1

{/usr/local/texlive/2017/texmf-var/fonts/map/pdftex/updmap/pdftex.map}]
LaTeX Font Info:    Font shape `T1/ppl/bx/n' in size <10.95> not available
(Font)              Font shape `T1/ppl/b/n' tried instead on input line 340.
LaTeX Font Info:    Try loading font information for T1+cmtt on input line 345.


(/usr/local/texlive/2017/texmf-dist/tex/latex/base/t1cmtt.fd
File: t1cmtt.fd 2014/09/29 v2.5h Standard LaTeX font definitions
)
<kang-cdcgan.png, id=108, 875.9124pt x 586.3506pt>
File: kang-cdcgan.png Graphic file (type png)
 <use kang-cdcgan.png>
Package pdftex.def Info: kang-cdcgan.png used on input line 377.
(pdftex.def)             Requested size: 875.91026pt x 586.34917pt.

[2]
LaTeX Font Info:    Font shape `T1/ppl/bx/n' in size <12> not available
(Font)              Font shape `T1/ppl/b/n' tried instead on input line 385.

Underfull \hbox (badness 10000) in paragraph at lines 387--395

 []


Underfull \hbox (badness 10000) in paragraph at lines 422--426

 []

[3 <./kang-cdcgan.png>]
Underfull \hbox (badness 10000) in paragraph at lines 427--434

 []


Underfull \hbox (badness 10000) in paragraph at lines 435--444

 []


Underfull \hbox (badness 10000) in paragraph at lines 462--465

 []


Underfull \hbox (badness 10000) in paragraph at lines 466--469

 []


Overfull \hbox (11.2314pt too wide) in paragraph at lines 470--471
[]\T1/cmtt/m/n/10.95 generated_labels = torch.randint(self.n_classes, (b_size,)
).type(torch.LongTensor) 
 []


Underfull \hbox (badness 10000) in paragraph at lines 470--471

 []

[4]
Underfull \hbox (badness 10000) in paragraph at lines 480--482

 []


Underfull \hbox (badness 10000) in paragraph at lines 483--487

 []

[5]
<conditional-DCGAN_files/conditional-DCGAN_1_0.png, id=132, 1157.32375pt x 169.
63374pt>
File: conditional-DCGAN_files/conditional-DCGAN_1_0.png Graphic file (type png)

 <use conditional-DCGAN_files/conditional-DCGAN_1_0.png>
Package pdftex.def Info: conditional-DCGAN_files/conditional-DCGAN_1_0.png used
 on input line 546.
(pdftex.def)             Requested size: 1157.32092pt x 169.63332pt.

<conditional-DCGAN_files/conditional-DCGAN_1_1.png, id=133, 1157.32375pt x 169.
63374pt>
File: conditional-DCGAN_files/conditional-DCGAN_1_1.png Graphic file (type png)

 <use conditional-DCGAN_files/conditional-DCGAN_1_1.png>
Package pdftex.def Info: conditional-DCGAN_files/conditional-DCGAN_1_1.png used
 on input line 551.
(pdftex.def)             Requested size: 1157.32092pt x 169.63332pt.

<conditional-DCGAN_files/conditional-DCGAN_1_2.png, id=134, 1157.32375pt x 169.
63374pt>
File: conditional-DCGAN_files/conditional-DCGAN_1_2.png Graphic file (type png)

 <use conditional-DCGAN_files/conditional-DCGAN_1_2.png>
Package pdftex.def Info: conditional-DCGAN_files/conditional-DCGAN_1_2.png used
 on input line 556.
(pdftex.def)             Requested size: 1157.32092pt x 169.63332pt.

<conditional-DCGAN_files/conditional-DCGAN_1_3.png, id=135, 1157.32375pt x 169.
63374pt>
File: conditional-DCGAN_files/conditional-DCGAN_1_3.png Graphic file (type png)

 <use conditional-DCGAN_files/conditional-DCGAN_1_3.png>
Package pdftex.def Info: conditional-DCGAN_files/conditional-DCGAN_1_3.png used
 on input line 561.
(pdftex.def)             Requested size: 1157.32092pt x 169.63332pt.

<conditional-DCGAN_files/conditional-DCGAN_1_4.png, id=136, 1157.32375pt x 169.
63374pt>
File: conditional-DCGAN_files/conditional-DCGAN_1_4.png Graphic file (type png)

 <use conditional-DCGAN_files/conditional-DCGAN_1_4.png>
Package pdftex.def Info: conditional-DCGAN_files/conditional-DCGAN_1_4.png used
 on input line 566.
(pdftex.def)             Requested size: 1157.32092pt x 169.63332pt.

<conditional-DCGAN_files/conditional-DCGAN_1_5.png, id=137, 1157.32375pt x 169.
63374pt>
File: conditional-DCGAN_files/conditional-DCGAN_1_5.png Graphic file (type png)

 <use conditional-DCGAN_files/conditional-DCGAN_1_5.png>
Package pdftex.def Info: conditional-DCGAN_files/conditional-DCGAN_1_5.png used
 on input line 571.
(pdftex.def)             Requested size: 1157.32092pt x 169.63332pt.

<conditional-DCGAN_files/conditional-DCGAN_1_6.png, id=138, 1157.32375pt x 169.
63374pt>
File: conditional-DCGAN_files/conditional-DCGAN_1_6.png Graphic file (type png)

 <use conditional-DCGAN_files/conditional-DCGAN_1_6.png>
Package pdftex.def Info: conditional-DCGAN_files/conditional-DCGAN_1_6.png used
 on input line 576.
(pdftex.def)             Requested size: 1157.32092pt x 169.63332pt.

<conditional-DCGAN_files/conditional-DCGAN_1_7.png, id=139, 1157.32375pt x 169.
63374pt>
File: conditional-DCGAN_files/conditional-DCGAN_1_7.png Graphic file (type png)

 <use conditional-DCGAN_files/conditional-DCGAN_1_7.png>
Package pdftex.def Info: conditional-DCGAN_files/conditional-DCGAN_1_7.png used
 on input line 581.
(pdftex.def)             Requested size: 1157.32092pt x 169.63332pt.
 [6 <./conditional-DCGAN_files/conditional-DCGAN_1_0.png> <./conditional-DCGAN_
files/conditional-DCGAN_1_1.png> <./conditional-DCGAN_files/conditional-DCGAN_1
_2.png> <./conditional-DCGAN_files/conditional-DCGAN_1_3.png> <./conditional-DC
GAN_files/conditional-DCGAN_1_4.png> <./conditional-DCGAN_files/conditional-DCG
AN_1_5.png> <./conditional-DCGAN_files/conditional-DCGAN_1_6.png>]
<conditional-DCGAN_files/conditional-DCGAN_1_8.png, id=152, 1157.32375pt x 169.
63374pt>
File: conditional-DCGAN_files/conditional-DCGAN_1_8.png Graphic file (type png)

 <use conditional-DCGAN_files/conditional-DCGAN_1_8.png>
Package pdftex.def Info: conditional-DCGAN_files/conditional-DCGAN_1_8.png used
 on input line 586.
(pdftex.def)             Requested size: 1157.32092pt x 169.63332pt.

<conditional-DCGAN_files/conditional-DCGAN_1_9.png, id=153, 1157.32375pt x 169.
63374pt>
File: conditional-DCGAN_files/conditional-DCGAN_1_9.png Graphic file (type png)

 <use conditional-DCGAN_files/conditional-DCGAN_1_9.png>
Package pdftex.def Info: conditional-DCGAN_files/conditional-DCGAN_1_9.png used
 on input line 591.
(pdftex.def)             Requested size: 1157.32092pt x 169.63332pt.
LaTeX Font Info:    Try loading font information for TS1+cmtt on input line 603
.

(/usr/local/texlive/2017/texmf-dist/tex/latex/base/ts1cmtt.fd
File: ts1cmtt.fd 2014/09/29 v2.5h Standard LaTeX font definitions
)
<conditional-DCGAN_files/conditional-DCGAN_3_1.png, id=154, 1153.30875pt x 2217
.28375pt>
File: conditional-DCGAN_files/conditional-DCGAN_3_1.png Graphic file (type png)

 <use conditional-DCGAN_files/conditional-DCGAN_3_1.png>
Package pdftex.def Info: conditional-DCGAN_files/conditional-DCGAN_3_1.png used
 on input line 613.
(pdftex.def)             Requested size: 1153.30594pt x 2217.27837pt.
 [7 <./conditional-DCGAN_files/conditional-DCGAN_1_7.png> <./conditional-DCGAN_
files/conditional-DCGAN_1_8.png> <./conditional-DCGAN_files/conditional-DCGAN_1
_9.png>]
Overfull \vbox (65.03607pt too high) has occurred while \output is active []


[8 <./conditional-DCGAN_files/conditional-DCGAN_3_1.png>]
Underfull \hbox (badness 10000) in paragraph at lines 618--625

 []


Underfull \hbox (badness 10000) in paragraph at lines 626--630

 []


Underfull \hbox (badness 10000) in paragraph at lines 631--644

 []


Underfull \hbox (badness 10000) in paragraph at lines 645--653

 []

<goodfellow-cifar10.png, id=170, 969.6225pt x 585.18625pt>
File: goodfellow-cifar10.png Graphic file (type png)

<use goodfellow-cifar10.png>
Package pdftex.def Info: goodfellow-cifar10.png used on input line 665.
(pdftex.def)             Requested size: 969.62013pt x 585.18481pt.
 [9] [10 <./goodfellow-cifar10.png>]
<conditional-DCGAN_files/conditional-DCGAN_5_0.png, id=181, 1157.32375pt x 169.
63374pt>
File: conditional-DCGAN_files/conditional-DCGAN_5_0.png Graphic file (type png)

 <use conditional-DCGAN_files/conditional-DCGAN_5_0.png>
Package pdftex.def Info: conditional-DCGAN_files/conditional-DCGAN_5_0.png used
 on input line 677.
(pdftex.def)             Requested size: 1157.32092pt x 169.63332pt.

<conditional-DCGAN_files/conditional-DCGAN_5_1.png, id=182, 1157.32375pt x 169.
63374pt>
File: conditional-DCGAN_files/conditional-DCGAN_5_1.png Graphic file (type png)

 <use conditional-DCGAN_files/conditional-DCGAN_5_1.png>
Package pdftex.def Info: conditional-DCGAN_files/conditional-DCGAN_5_1.png used
 on input line 682.
(pdftex.def)             Requested size: 1157.32092pt x 169.63332pt.

<conditional-DCGAN_files/conditional-DCGAN_5_2.png, id=183, 1157.32375pt x 169.
63374pt>
File: conditional-DCGAN_files/conditional-DCGAN_5_2.png Graphic file (type png)

 <use conditional-DCGAN_files/conditional-DCGAN_5_2.png>
Package pdftex.def Info: conditional-DCGAN_files/conditional-DCGAN_5_2.png used
 on input line 687.
(pdftex.def)             Requested size: 1157.32092pt x 169.63332pt.

Underfull \hbox (badness 10000) in paragraph at lines 701--704

 []


<conditional-DCGAN_files/conditional-DCGAN_7_0.png, id=184, 837.1275pt x 1671.2
4374pt>
File: conditional-DCGAN_files/conditional-DCGAN_7_0.png Graphic file (type png)

 <use conditional-DCGAN_files/conditional-DCGAN_7_0.png>
Package pdftex.def Info: conditional-DCGAN_files/conditional-DCGAN_7_0.png used
 on input line 717.
(pdftex.def)             Requested size: 837.12546pt x 1671.23969pt.
 [11 <./conditional-DCGAN_files/conditional-DCGAN_5_0.png> <./conditional-DCGAN
_files/conditional-DCGAN_5_1.png> <./conditional-DCGAN_files/conditional-DCGAN_
5_2.png>]
Overfull \vbox (65.05417pt too high) has occurred while \output is active []


[12 <./conditional-DCGAN_files/conditional-DCGAN_7_0.png>]
Underfull \hbox (badness 10000) in paragraph at lines 719--720

 []


Underfull \hbox (badness 10000) in paragraph at lines 724--733

 []

[13] [14]
Underfull \hbox (badness 10000) in paragraph at lines 802--803
[][][]$\T1/cmtt/m/n/10.95 https : / / github . com / hueyning / DeepLearningTut
orial / blob / master / DL3-[]cDCGAN /
 []


Underfull \hbox (badness 10000) in paragraph at lines 805--806
[][][]$\T1/cmtt/m/n/10.95 https : / / nbviewer . jupyter . org / github / hueyn
ing / DeepLearningTutorial / blob / master /
 []

LaTeX Font Info:    Font shape `T1/cmtt/bx/n' in size <8> not available
(Font)              Font shape `T1/cmtt/m/n' tried instead on input line 811.
[15] [16] [17]
<conditional-DCGAN_files/conditional-DCGAN_17_1.png, id=229, 933.4875pt x 149.5
5875pt>
File: conditional-DCGAN_files/conditional-DCGAN_17_1.png Graphic file (type png
)
 <use conditional-DCGAN_files/conditional-DCGAN_17_1.png>
Package pdftex.def Info: conditional-DCGAN_files/conditional-DCGAN_17_1.png use
d on input line 1023.
(pdftex.def)             Requested size: 933.48523pt x 149.55838pt.


LaTeX Font Warning: Font shape `TS1/cmtt/bx/n' undefined
(Font)              using `TS1/cmtt/m/n' instead
(Font)              for symbol `textquotesingle' on input line 1041.


<conditional-DCGAN_files/conditional-DCGAN_19_1.png, id=230, 933.4875pt x 149.5
5875pt>
File: conditional-DCGAN_files/conditional-DCGAN_19_1.png Graphic file (type png
)
 <use conditional-DCGAN_files/conditional-DCGAN_19_1.png>
Package pdftex.def Info: conditional-DCGAN_files/conditional-DCGAN_19_1.png use
d on input line 1057.
(pdftex.def)             Requested size: 933.48523pt x 149.55838pt.
 [18 <./conditional-DCGAN_files/conditional-DCGAN_17_1.png> <./conditional-DCGA
N_files/conditional-DCGAN_19_1.png>] [19] [20] [21] [22] [23] [24] [25] [26] [2
7] [28]
[29]
Underfull \hbox (badness 10000) in paragraph at lines 1775--1778

 []


Underfull \hbox (badness 4569) in paragraph at lines 1779--1782
\T1/ppl/m/n/10.95 25, 2019, from https://medium.com/@utk.is.here/training-a-con
ditional-dc-gan-on-cifar-10-
 []


Underfull \hbox (badness 10000) in paragraph at lines 1779--1782

 []


Underfull \hbox (badness 10000) in paragraph at lines 1783--1786

 []


Underfull \hbox (badness 5667) in paragraph at lines 1787--1790
\T1/ppl/m/n/10.95 Novem-ber 28, 2019, from https://medium.com/@jonathan_hui/gan
-unrolled-gan-how-to-
 []


Underfull \hbox (badness 10000) in paragraph at lines 1787--1790

 []


Underfull \hbox (badness 2042) in paragraph at lines 1791--1794
\T1/ppl/m/n/10.95 ber 28, 2019, from https://towardsdatascience.com/gan-ways-to
-improve-gan-performance-
 []


Underfull \hbox (badness 10000) in paragraph at lines 1791--1794

 []


Underfull \hbox (badness 5359) in paragraph at lines 1795--1797
[]\T1/ppl/m/n/10.95 Inkawhich, N. (2017). DC-GAN Tu-to-rial. Re-trieved Novem-b
er 25, 2019, from
 []


Underfull \hbox (badness 10000) in paragraph at lines 1795--1797

 []


Underfull \hbox (badness 10000) in paragraph at lines 1798--1801
\T1/ppl/m/n/10.95 Novem-ber 25, 2019, from https://github.com/znxlwm/pytorch-MN
IST-CelebA-cGAN-
 []


Underfull \hbox (badness 10000) in paragraph at lines 1798--1801

 []


Underfull \hbox (badness 6825) in paragraph at lines 1802--1805
[]\T1/ppl/m/n/10.95 Karpathy, A., & John-son, J. (2017). CS231n: Con-vo-lu-tion
al Neu-ral Net-works
 []


Underfull \hbox (badness 10000) in paragraph at lines 1802--1805
\T1/ppl/m/n/10.95 for Vi-sual Recognition-Transfer Learn-ing. Re-trieved Novem-
ber 13, 2019, from
 []


Underfull \hbox (badness 10000) in paragraph at lines 1802--1805

 []


Underfull \hbox (badness 10000) in paragraph at lines 1806--1808
[]\T1/ppl/m/n/10.95 Linder-Noren, E. (2019). Con-di-tional GAN Code. Re-trieved
 from
 []


Overfull \hbox (15.02766pt too wide) in paragraph at lines 1806--1808
\T1/ppl/m/n/10.95 https://github.com/eriklindernoren/PyTorch-GAN/blob/master/im
plementations/cgan/cgan.py 
 []


Underfull \hbox (badness 10000) in paragraph at lines 1806--1808

 []


Underfull \hbox (badness 10000) in paragraph at lines 1809--1811

 []


Underfull \hbox (badness 10000) in paragraph at lines 1812--1815

 []


Underfull \hbox (badness 10000) in paragraph at lines 1816--1819

 []

Package atveryend Info: Empty hook `BeforeClearDocument' on input line 1829.
[30]
Package atveryend Info: Empty hook `AfterLastShipout' on input line 1829.
 (./conditional-DCGAN.aux)
Package atveryend Info: Executing hook `AtVeryEndDocument' on input line 1829.
Package atveryend Info: Executing hook `AtEndAfterFileList' on input line 1829.



Package rerunfilecheck Warning: File `conditional-DCGAN.out' has changed.
(rerunfilecheck)                Rerun to get outlines right
(rerunfilecheck)                or use package `bookmark'.

Package rerunfilecheck Info: Checksums for `conditional-DCGAN.out':
(rerunfilecheck)             Before: DC5B07E0FFA58F16CC8B31D4C1BCDE63;1483
(rerunfilecheck)             After:  3576A2B290419FF60C758E25A314CC1C;1351.

LaTeX Font Warning: Some font shapes were not available, defaults substituted.


LaTeX Warning: Label(s) may have changed. Rerun to get cross-references right.

Package atveryend Info: Empty hook `AtVeryVeryEnd' on input line 1829.
 ) 
Here is how much of TeX's memory you used:
 11125 strings out of 492995
 170017 string characters out of 6132704
 277088 words of memory out of 5000000
 14387 multiletter control sequences out of 15000+600000
 35447 words of font info for 87 fonts, out of 8000000 for 9000
 1141 hyphenation exceptions out of 8191
 36i,6n,38p,626b,501s stack positions out of 5000i,500n,10000p,200000b,80000s
pdfTeX warning (dest): name{subsection.12.2} has been referenced but does not
 exist, replaced by a fixed one

pdfTeX warning (dest): name{subsection.12.1} has been referenced but does not e
xist, replaced by a fixed one

{/usr/local/texlive/2017/texmf-dist/fonts/enc/dvips/cm-super/cm-super-ts1.enc}{
/usr/local/texlive/2017/texmf-dist/fonts/enc/dvips/cm-super/cm-super-t1.enc}{/u
sr/local/texlive/2017/texmf-dist/fonts/enc/dvips/base/8r.enc}</usr/local/texliv
e/2017/texmf-dist/fonts/type1/public/amsfonts/cm/cmr10.pfb></usr/local/texlive/
2017/texmf-dist/fonts/type1/public/cm-super/sfit0800.pfb></usr/local/texlive/20
17/texmf-dist/fonts/type1/public/cm-super/sftt0800.pfb></usr/local/texlive/2017
/texmf-dist/fonts/type1/public/cm-super/sftt0900.pfb></usr/local/texlive/2017/t
exmf-dist/fonts/type1/public/cm-super/sftt1095.pfb></usr/local/texlive/2017/tex
mf-dist/fonts/type1/urw/palatino/uplb8a.pfb></usr/local/texlive/2017/texmf-dist
/fonts/type1/urw/palatino/uplr8a.pfb></usr/local/texlive/2017/texmf-dist/fonts/
type1/urw/palatino/uplri8a.pfb>
Output written on conditional-DCGAN.pdf (30 pages, 10783052 bytes).
PDF statistics:
 343 PDF objects out of 1000 (max. 8388607)
 262 compressed objects within 3 object streams
 68 named destinations out of 1000 (max. 500000)
 288 words of extra memory for PDF output out of 10000 (max. 10000000)

