\BOOKMARK [1][-]{section.1}{Abstract}{}% 1
\BOOKMARK [1][-]{section.2}{Introduction}{}% 2
\BOOKMARK [1][-]{section.3}{Encoding Class Labels}{}% 3
\BOOKMARK [1][-]{section.4}{Main References}{}% 4
\BOOKMARK [1][-]{section.5}{Architectural Choices}{}% 5
\BOOKMARK [2][-]{subsection.5.1}{Conditional Discriminator}{section.5}% 6
\BOOKMARK [2][-]{subsection.5.2}{Conditional Generator}{section.5}% 7
\BOOKMARK [2][-]{subsection.5.3}{Complete Conditional Model}{section.5}% 8
\BOOKMARK [1][-]{section.6}{Data}{}% 9
\BOOKMARK [1][-]{section.7}{Parameter Values}{}% 10
\BOOKMARK [1][-]{section.8}{Implementation}{}% 11
\BOOKMARK [2][-]{subsection.8.1}{Training Process}{section.8}% 12
\BOOKMARK [1][-]{section.9}{Results and Analysis}{}% 13
\BOOKMARK [2][-]{subsection.9.1}{CIFAR10 Model Results}{section.9}% 14
\BOOKMARK [2][-]{subsection.9.2}{Generator Progression for "Dog" Class}{section.9}% 15
\BOOKMARK [2][-]{subsection.9.3}{CIFAR10 Model Analysis}{section.9}% 16
\BOOKMARK [2][-]{subsection.9.4}{Novel Dataset Model Results}{section.9}% 17
\BOOKMARK [2][-]{subsection.9.5}{Generator Progression for "Cyberpunk" Class}{section.9}% 18
\BOOKMARK [2][-]{subsection.9.6}{Novel Dataset Model Analysis}{section.9}% 19
\BOOKMARK [1][-]{section.10}{Mode Collapse}{}% 20
\BOOKMARK [1][-]{section.11}{Future Work}{}% 21
\BOOKMARK [1][-]{section.12}{Code}{}% 22
